<?xml version="1.0" encoding="UTF-8"?>
<!-- Generated by org.testng.reporters.JUnitXMLReporter -->
<testsuite hostname="DESKTOP-GEFL1HO" ignored="1" name="CRMPRO tests" tests="4" failures="0" timestamp="2021-04-25T16:00:42 IST" time="46.827" errors="0">
  <testcase name="@BeforeTest setUp" time="43.886" classname="com.qa.crm.testcases.ContactsPageTest">
    <failure type="org.openqa.selenium.TimeoutException" message="timeout
  (Session info: chrome=70.0.3538.77)
  (Driver info: chromedriver=70.0.3538.67 (9ab0cfab84ded083718d3a4ff830726efd38869f),platform=Windows NT 10.0.19042 x86_64) (WARNING: The server did not provide any stacktrace information)
Command duration or timeout: 20.04 seconds
Build info: version: &amp;apos;2.53.0&amp;apos;, revision: &amp;apos;35ae25b1534ae328c771e0856c93e187490ca824&amp;apos;, time: &amp;apos;2016-03-15 10:43:46&amp;apos;
System info: host: &amp;apos;DESKTOP-GEFL1HO&amp;apos;, ip: &amp;apos;192.168.1.106&amp;apos;, os.name: &amp;apos;Windows 10&amp;apos;, os.arch: &amp;apos;amd64&amp;apos;, os.version: &amp;apos;10.0&amp;apos;, java.version: &amp;apos;1.8.0_281&amp;apos;
Driver info: org.openqa.selenium.chrome.ChromeDriver
Capabilities [{mobileEmulationEnabled=false, hasTouchScreen=false, platform=XP, acceptSslCerts=false, goog:chromeOptions={debuggerAddress=localhost:60287}, acceptInsecureCerts=false, webStorageEnabled=true, browserName=chrome, takesScreenshot=true, javascriptEnabled=true, setWindowRect=true, unexpectedAlertBehaviour=, applicationCacheEnabled=false, rotatable=false, networkConnectionEnabled=false, chrome={chromedriverVersion=70.0.3538.67 (9ab0cfab84ded083718d3a4ff830726efd38869f), userDataDir=C:\Users\LENOVO\AppData\Local\Temp\scoped_dir7940_4368}, takesHeapSnapshot=true, pageLoadStrategy=normal, databaseEnabled=false, handlesAlerts=true, version=70.0.3538.77, browserConnectionEnabled=false, nativeEvents=true, locationContextEnabled=true, cssSelectorsEnabled=true}]
Session ID: dda408165ad9cbc84c35769d33f51c0b">
      <![CDATA[org.openqa.selenium.TimeoutException: timeout
  (Session info: chrome=70.0.3538.77)
  (Driver info: chromedriver=70.0.3538.67 (9ab0cfab84ded083718d3a4ff830726efd38869f),platform=Windows NT 10.0.19042 x86_64) (WARNING: The server did not provide any stacktrace information)
Command duration or timeout: 20.04 seconds
Build info: version: '2.53.0', revision: '35ae25b1534ae328c771e0856c93e187490ca824', time: '2016-03-15 10:43:46'
System info: host: 'DESKTOP-GEFL1HO', ip: '192.168.1.106', os.name: 'Windows 10', os.arch: 'amd64', os.version: '10.0', java.version: '1.8.0_281'
Driver info: org.openqa.selenium.chrome.ChromeDriver
Capabilities [{mobileEmulationEnabled=false, hasTouchScreen=false, platform=XP, acceptSslCerts=false, goog:chromeOptions={debuggerAddress=localhost:60287}, acceptInsecureCerts=false, webStorageEnabled=true, browserName=chrome, takesScreenshot=true, javascriptEnabled=true, setWindowRect=true, unexpectedAlertBehaviour=, applicationCacheEnabled=false, rotatable=false, networkConnectionEnabled=false, chrome={chromedriverVersion=70.0.3538.67 (9ab0cfab84ded083718d3a4ff830726efd38869f), userDataDir=C:\Users\LENOVO\AppData\Local\Temp\scoped_dir7940_4368}, takesHeapSnapshot=true, pageLoadStrategy=normal, databaseEnabled=false, handlesAlerts=true, version=70.0.3538.77, browserConnectionEnabled=false, nativeEvents=true, locationContextEnabled=true, cssSelectorsEnabled=true}]
Session ID: dda408165ad9cbc84c35769d33f51c0b
at org.openqa.selenium.remote.ErrorHandler.createThrowable(ErrorHandler.java:206)
at org.openqa.selenium.remote.ErrorHandler.throwIfResponseFailed(ErrorHandler.java:158)
at org.openqa.selenium.remote.RemoteWebDriver.execute(RemoteWebDriver.java:678)
at org.openqa.selenium.remote.RemoteWebDriver.get(RemoteWebDriver.java:316)
at com.qa.crm.base.TestBase.initiliazation(TestBase.java:67)
at com.qa.crm.testcases.ContactsPageTest.setUp(ContactsPageTest.java:57)
... Removed 28 stack frames]]>
    </failure>
  </testcase> <!-- @BeforeTest setUp -->
  <testcase name="clickOnNewContactsLinkTest" time="0.0" classname="com.qa.crm.testcases.ContactsPageTest">
    <skipped/>
  </testcase> <!-- clickOnNewContactsLinkTest -->
  <testcase name="createNewContactTest" time="0.0" classname="com.qa.crm.testcases.ContactsPageTest">
    <skipped/>
  </testcase> <!-- createNewContactTest -->
  <testcase name="test3" time="0.0" classname="com.qa.crm.testcases.ContactsPageTest">
    <skipped/>
  </testcase> <!-- test3 -->
  <testcase name="test5" time="0.0" classname="com.qa.crm.testcases.ContactsPageTest">
    <skipped/>
  </testcase> <!-- test5 -->
  <testcase name="test4" time="0.0" classname="com.qa.crm.testcases.ContactsPageTest">
    <ignored/>
  </testcase> <!-- test4 -->
</testsuite> <!-- CRMPRO tests -->
